7/10/2016 7:34:35 AM	This log contains information about the import schema operation into project 'CostcoDatabase' on computer 'DESKTOP-ABEPKAT' by user 'Jason Ding'.
7/10/2016 7:34:35 AM	Import of database schema has started.
7/10/2016 7:34:45 AM	Gathering database options
7/10/2016 7:34:45 AM	Gathering users
7/10/2016 7:34:45 AM	Gathering roles
7/10/2016 7:34:45 AM	Gathering application roles
7/10/2016 7:34:45 AM	Gathering role memberships
7/10/2016 7:34:45 AM	Gathering filegroups
7/10/2016 7:34:45 AM	Gathering full-text catalogs
7/10/2016 7:34:45 AM	Gathering assemblies
7/10/2016 7:34:45 AM	Gathering certificates
7/10/2016 7:34:45 AM	Gathering asymmetric keys
7/10/2016 7:34:45 AM	Gathering symmetric keys
7/10/2016 7:34:45 AM	Gathering encrypted symmetric keys
7/10/2016 7:34:45 AM	Gathering schemas
7/10/2016 7:34:45 AM	Gathering XML schema collections
7/10/2016 7:34:45 AM	Gathering user-defined data types
7/10/2016 7:34:45 AM	Gathering user-defined types
7/10/2016 7:34:45 AM	Gathering table types
7/10/2016 7:34:45 AM	Gathering unique keys for table types
7/10/2016 7:34:45 AM	Gathering primary keys for table types
7/10/2016 7:34:45 AM	Gathering indexes for table types
7/10/2016 7:34:45 AM	Gathering check constraints for table types
7/10/2016 7:34:45 AM	Gathering default constraints for table types
7/10/2016 7:34:45 AM	Gathering partition functions
7/10/2016 7:34:45 AM	Gathering partition schemes
7/10/2016 7:34:45 AM	Gathering functions
7/10/2016 7:34:45 AM	Gathering encrypted functions
7/10/2016 7:34:45 AM	Gathering aggregates
7/10/2016 7:34:45 AM	Gathering procedures
7/10/2016 7:34:45 AM	Gathering encrypted procedures
7/10/2016 7:34:45 AM	Gathering tables
7/10/2016 7:34:45 AM	Gathering primary keys
7/10/2016 7:34:45 AM	Gathering unique constraints
7/10/2016 7:34:45 AM	Gathering foreign keys
7/10/2016 7:34:45 AM	Gathering default constraints
7/10/2016 7:34:45 AM	Gathering check constraints
7/10/2016 7:34:45 AM	Gathering views
7/10/2016 7:34:45 AM	Gathering encrypted views
7/10/2016 7:34:45 AM	Gathering indexes
7/10/2016 7:34:45 AM	Gathering statistics
7/10/2016 7:34:45 AM	Gathering full-text index stoplists
7/10/2016 7:34:45 AM	Gathering search property lists
7/10/2016 7:34:45 AM	Gathering search properties
7/10/2016 7:34:45 AM	Gathering full-text indexes
7/10/2016 7:34:45 AM	Gathering column store indexes
7/10/2016 7:34:45 AM	Gathering spatial indexes
7/10/2016 7:34:45 AM	Gathering XML indexes
7/10/2016 7:34:45 AM	Gathering Selective XML indexes
7/10/2016 7:34:45 AM	Gathering encrypted triggers
7/10/2016 7:34:45 AM	Gathering triggers
7/10/2016 7:34:45 AM	Gathering encrypted and clr ddl triggers
7/10/2016 7:34:45 AM	Gathering ddl triggers
7/10/2016 7:34:45 AM	Gathering synonyms
7/10/2016 7:34:45 AM	Gathering defaults
7/10/2016 7:34:45 AM	Gathering data constraint uddt bindings
7/10/2016 7:34:45 AM	Gathering rules
7/10/2016 7:34:45 AM	Gathering data constraint uddt bindings
7/10/2016 7:34:45 AM	Gathering message types
7/10/2016 7:34:45 AM	Gathering queues
7/10/2016 7:34:45 AM	Gathering contracts
7/10/2016 7:34:45 AM	Gathering services
7/10/2016 7:34:45 AM	Gathering event notifications
7/10/2016 7:34:45 AM	Gathering remote service bindings
7/10/2016 7:34:45 AM	Gathering broker priorities
7/10/2016 7:34:45 AM	Gathering signatures
7/10/2016 7:34:45 AM	Gathering data compression options
7/10/2016 7:34:45 AM	Gathering sequence types
7/10/2016 7:34:45 AM	Gathering extended properties
7/10/2016 7:34:45 AM	Gathering credentials
7/10/2016 7:34:45 AM	Gathering logins
7/10/2016 7:34:45 AM	Gathering server audits
7/10/2016 7:34:46 AM	Scanning project for duplicate elements
7/10/2016 7:34:47 AM	Finished duplicate element processing
7/10/2016 7:34:47 AM	Finished importing database.
7/10/2016 7:34:47 AM	A summary of the import was saved to the following location: C:\Users\Jason Ding\Documents\Projects\SampleClient\SampleScraperClient\CostcoDatabase\CostcoDatabase\Import Schema Logs\CostcoDatabase_20160710123435.log
7/10/2016 7:34:47 AM	Click Finish to continue...
